2021-01-04 21:14:10 [scrapy.utils.log] INFO: Scrapy 2.4.1 started (bot: dushu)
2021-01-04 21:14:10 [scrapy.utils.log] INFO: Versions: lxml 4.6.1.0, libxml2 2.9.5, cssselect 1.1.0, parsel 1.6.0, w3lib 1.22.0, Twisted 20.3.0, Python 3.6.6 (v3.6.6:4cf1f54eb7, Jun 27 2018, 03:37:03) [MSC v.1900 64 bit (AMD64)], pyOpenSSL 19.1.0 (OpenSSL 1.1.1h  22 Sep 2020), cryptography 3.2.1, Platform Windows-10-10.0.19041-SP0
2021-01-04 21:14:10 [scrapy.crawler] INFO: Overridden settings:
{'BOT_NAME': 'dushu',
 'CONCURRENT_REQUESTS': 32,
 'DOWNLOAD_DELAY': 3,
 'LOG_FILE': 'dushu.log',
 'LOG_LEVEL': 'INFO',
 'NEWSPIDER_MODULE': 'dushu.spiders',
 'SPIDER_MODULES': ['dushu.spiders'],
 'USER_AGENT': 'Mozilla/5.0'}
2021-01-04 21:14:10 [scrapy.extensions.telnet] INFO: Telnet Password: fb9e3634814f38ef
2021-01-04 21:14:10 [scrapy.middleware] INFO: Enabled extensions:
['scrapy.extensions.corestats.CoreStats',
 'scrapy.extensions.telnet.TelnetConsole',
 'scrapy.extensions.feedexport.FeedExporter',
 'scrapy.extensions.logstats.LogStats']
2021-01-04 21:14:11 [scrapy.middleware] INFO: Enabled downloader middlewares:
['scrapy.downloadermiddlewares.httpauth.HttpAuthMiddleware',
 'scrapy.downloadermiddlewares.downloadtimeout.DownloadTimeoutMiddleware',
 'scrapy.downloadermiddlewares.defaultheaders.DefaultHeadersMiddleware',
 'scrapy.downloadermiddlewares.useragent.UserAgentMiddleware',
 'dushu.middlewares.DushuDownloaderMiddleware',
 'scrapy.downloadermiddlewares.retry.RetryMiddleware',
 'scrapy.downloadermiddlewares.redirect.MetaRefreshMiddleware',
 'scrapy.downloadermiddlewares.httpcompression.HttpCompressionMiddleware',
 'scrapy.downloadermiddlewares.redirect.RedirectMiddleware',
 'scrapy.downloadermiddlewares.cookies.CookiesMiddleware',
 'scrapy.downloadermiddlewares.httpproxy.HttpProxyMiddleware',
 'scrapy.downloadermiddlewares.stats.DownloaderStats']
2021-01-04 21:14:11 [scrapy.middleware] INFO: Enabled spider middlewares:
['scrapy.spidermiddlewares.httperror.HttpErrorMiddleware',
 'scrapy.spidermiddlewares.offsite.OffsiteMiddleware',
 'scrapy.spidermiddlewares.referer.RefererMiddleware',
 'scrapy.spidermiddlewares.urllength.UrlLengthMiddleware',
 'scrapy.spidermiddlewares.depth.DepthMiddleware']
2021-01-04 21:14:11 [py.warnings] WARNING: e:\python\python36\lib\site-packages\scrapy\pipelines\media.py:135: ScrapyDeprecationWarning: file_path(self, request, response=None, info=None) is deprecated, please use file_path(self, request, response=None, info=None, *, item=None)
  self._check_signature(func)

2021-01-04 21:14:11 [scrapy.middleware] INFO: Enabled item pipelines:
['dushu.pipelines.DushuPipeline', 'dushu.pipelines.BookImagesPipeline']
2021-01-04 21:14:11 [scrapy.core.engine] INFO: Spider opened
2021-01-04 21:14:11 [scrapy.extensions.logstats] INFO: Crawled 0 pages (at 0 pages/min), scraped 0 items (at 0 items/min)
2021-01-04 21:14:11 [book] INFO: Spider opened: book
2021-01-04 21:14:11 [scrapy.extensions.telnet] INFO: Telnet console listening on 127.0.0.1:6023
2021-01-04 21:15:11 [scrapy.extensions.logstats] INFO: Crawled 18 pages (at 18 pages/min), scraped 8 items (at 8 items/min)
2021-01-04 21:16:11 [scrapy.extensions.logstats] INFO: Crawled 35 pages (at 17 pages/min), scraped 25 items (at 17 items/min)
2021-01-04 21:17:02 [scrapy.core.engine] INFO: Closing spider (finished)
2021-01-04 21:17:02 [scrapy.extensions.feedexport] INFO: Stored json feed (40 items) in: books.json
2021-01-04 21:17:02 [scrapy.statscollectors] INFO: Dumping Scrapy stats:
{'downloader/request_bytes': 12086,
 'downloader/request_count': 50,
 'downloader/request_method_count/GET': 50,
 'downloader/response_bytes': 1416110,
 'downloader/response_count': 50,
 'downloader/response_status_count/200': 50,
 'elapsed_time_seconds': 171.704461,
 'file_count': 40,
 'file_status_count/uptodate': 40,
 'finish_reason': 'finished',
 'finish_time': datetime.datetime(2021, 1, 4, 13, 17, 2, 938167),
 'item_scraped_count': 40,
 'log_count/INFO': 14,
 'log_count/WARNING': 1,
 'request_depth_max': 1,
 'response_received_count': 50,
 'scheduler/dequeued': 50,
 'scheduler/dequeued/memory': 50,
 'scheduler/enqueued': 50,
 'scheduler/enqueued/memory': 50,
 'start_time': datetime.datetime(2021, 1, 4, 13, 14, 11, 233706)}
2021-01-04 21:17:02 [scrapy.core.engine] INFO: Spider closed (finished)
